build/outputs/logs/manifest-merger-debug-report.txt
-- Merging decision tree log ---
manifest
ADDED from src\main\AndroidManifest.xml:2:1-92:12
	package
		ADDED from src\main\AndroidManifest.xml:3:5-33
		INJECTED from src\main\AndroidManifest.xml
		INJECTED from src\main\AndroidManifest.xml
	android:versionName
		INJECTED from src\main\AndroidManifest.xml
		INJECTED from src\main\AndroidManifest.xml
	xmlns:android
		ADDED from src\main\AndroidManifest.xml:2:11-69
	android:versionCode
		INJECTED from src\main\AndroidManifest.xml
		INJECTED from src\main\AndroidManifest.xml
uses-permission#android.permission.INTERNET
ADDED from src\main\AndroidManifest.xml:5:5-67
	android:name
		ADDED from src\main\AndroidManifest.xml:5:22-64
uses-permission#android.permission.WRITE_EXTERNAL_STORAGE
ADDED from src\main\AndroidManifest.xml:6:5-81
	android:name
		ADDED from src\main\AndroidManifest.xml:6:22-78
uses-permission#android.permission.VIBRATE
ADDED from src\main\AndroidManifest.xml:7:5-66
	android:name
		ADDED from src\main\AndroidManifest.xml:7:22-63
application
ADDED from src\main\AndroidManifest.xml:9:5-90:19
MERGED from [com.android.support:appcompat-v7:23.2.1] AndroidManifest.xml:25:5-20
MERGED from [com.android.support:support-v4:23.2.1] AndroidManifest.xml:22:5-20
MERGED from [com.android.support:animated-vector-drawable:23.2.1] AndroidManifest.xml:7:5-20
MERGED from [com.android.support:support-vector-drawable:23.2.1] AndroidManifest.xml:7:5-20
MERGED from [com.google.android.gms:play-services-appindexing:8.1.0] AndroidManifest.xml:19:5-20
MERGED from [com.google.android.gms:play-services-basement:8.1.0] AndroidManifest.xml:20:5-24:19
	android:label
		ADDED from src\main\AndroidManifest.xml:12:9-41
	android:supportsRtl
		ADDED from src\main\AndroidManifest.xml:13:9-35
	android:allowBackup
		ADDED from src\main\AndroidManifest.xml:10:9-35
	android:icon
		ADDED from src\main\AndroidManifest.xml:11:9-43
	android:theme
		ADDED from src\main\AndroidManifest.xml:14:9-40
activity#com.example.copyqq.MainActivity
ADDED from src\main\AndroidManifest.xml:15:9-25:20
	android:configChanges
		ADDED from src\main\AndroidManifest.xml:17:13-48
	android:name
		ADDED from src\main\AndroidManifest.xml:16:13-41
intent-filter#android.intent.action.MAIN+android.intent.category.LAUNCHER
ADDED from src\main\AndroidManifest.xml:18:13-24:29
action#android.intent.action.MAIN
ADDED from src\main\AndroidManifest.xml:19:17-21:55
	android:launchMode
		ADDED from src\main\AndroidManifest.xml:21:21-52
	android:name
		ADDED from src\main\AndroidManifest.xml:20:21-62
category#android.intent.category.LAUNCHER
ADDED from src\main\AndroidManifest.xml:23:17-77
	android:name
		ADDED from src\main\AndroidManifest.xml:23:27-74
activity#com.example.copyqq.LoginActivity
ADDED from src\main\AndroidManifest.xml:26:9-29:46
	android:launchMode
		ADDED from src\main\AndroidManifest.xml:29:13-43
	android:configChanges
		ADDED from src\main\AndroidManifest.xml:28:13-48
	android:name
		ADDED from src\main\AndroidManifest.xml:27:13-42
activity#com.example.copyqq.Chat
ADDED from src\main\AndroidManifest.xml:30:9-33:47
	android:launchMode
		ADDED from src\main\AndroidManifest.xml:33:13-44
	android:configChanges
		ADDED from src\main\AndroidManifest.xml:32:13-48
	android:name
		ADDED from src\main\AndroidManifest.xml:31:13-33
activity#com.example.copyqq.Forgetspswd
ADDED from src\main\AndroidManifest.xml:34:9-37:46
	android:launchMode
		ADDED from src\main\AndroidManifest.xml:37:13-43
	android:configChanges
		ADDED from src\main\AndroidManifest.xml:36:13-48
	android:name
		ADDED from src\main\AndroidManifest.xml:35:13-40
activity#com.example.copyqq.MainFragment
ADDED from src\main\AndroidManifest.xml:38:9-41:46
	android:launchMode
		ADDED from src\main\AndroidManifest.xml:41:13-43
	android:configChanges
		ADDED from src\main\AndroidManifest.xml:40:13-48
	android:name
		ADDED from src\main\AndroidManifest.xml:39:13-41
activity#com.example.copyqq.RegistActivity
ADDED from src\main\AndroidManifest.xml:42:9-45:46
	android:launchMode
		ADDED from src\main\AndroidManifest.xml:45:13-43
	android:configChanges
		ADDED from src\main\AndroidManifest.xml:44:13-48
	android:name
		ADDED from src\main\AndroidManifest.xml:43:13-43
activity#com.example.copyqq.UserInfo
ADDED from src\main\AndroidManifest.xml:46:9-49:47
	android:launchMode
		ADDED from src\main\AndroidManifest.xml:49:13-44
	android:configChanges
		ADDED from src\main\AndroidManifest.xml:48:13-48
	android:name
		ADDED from src\main\AndroidManifest.xml:47:13-37
activity#com.example.copyqq.AddNewFrind
ADDED from src\main\AndroidManifest.xml:50:9-53:46
	android:launchMode
		ADDED from src\main\AndroidManifest.xml:53:13-43
	android:configChanges
		ADDED from src\main\AndroidManifest.xml:52:13-48
	android:name
		ADDED from src\main\AndroidManifest.xml:51:13-40
activity#com.example.copyqq.Search_frinds
ADDED from src\main\AndroidManifest.xml:54:9-56:51
	android:configChanges
		ADDED from src\main\AndroidManifest.xml:56:13-48
	android:name
		ADDED from src\main\AndroidManifest.xml:55:13-42
activity#com.example.copyqq.Chatset_Activity
ADDED from src\main\AndroidManifest.xml:57:9-60:47
	android:launchMode
		ADDED from src\main\AndroidManifest.xml:60:13-44
	android:configChanges
		ADDED from src\main\AndroidManifest.xml:59:13-48
	android:name
		ADDED from src\main\AndroidManifest.xml:58:13-45
activity#com.example.copyqq.CheckGroupActivity
ADDED from src\main\AndroidManifest.xml:61:9-63:51
	android:configChanges
		ADDED from src\main\AndroidManifest.xml:63:13-48
	android:name
		ADDED from src\main\AndroidManifest.xml:62:13-47
activity#com.example.copyqq.Sysinfo_Activity
ADDED from src\main\AndroidManifest.xml:64:9-66:51
	android:configChanges
		ADDED from src\main\AndroidManifest.xml:66:13-48
	android:name
		ADDED from src\main\AndroidManifest.xml:65:13-45
activity#com.example.copyqq.GropManager
ADDED from src\main\AndroidManifest.xml:67:9-69:51
	android:configChanges
		ADDED from src\main\AndroidManifest.xml:69:13-48
	android:name
		ADDED from src\main\AndroidManifest.xml:68:13-40
meta-data#com.google.android.gms.version
ADDED from src\main\AndroidManifest.xml:71:9-73:69
MERGED from [com.google.android.gms:play-services-basement:8.1.0] AndroidManifest.xml:21:9-23:69
	android:value
		ADDED from src\main\AndroidManifest.xml:73:13-66
	android:name
		ADDED from src\main\AndroidManifest.xml:72:13-58
activity#com.example.copyqq.FrindInfo_More
ADDED from src\main\AndroidManifest.xml:75:9-76:20
	android:name
		ADDED from src\main\AndroidManifest.xml:75:19-49
activity#com.example.copyqq.TalkAbout
ADDED from src\main\AndroidManifest.xml:77:9-78:20
	android:name
		ADDED from src\main\AndroidManifest.xml:77:19-44
activity#com.example.copyqq.ShuoShuoInfo
ADDED from src\main\AndroidManifest.xml:79:9-80:20
	android:name
		ADDED from src\main\AndroidManifest.xml:79:19-47
activity#com.example.copyqq.taolunzu
ADDED from src\main\AndroidManifest.xml:81:9-82:20
	android:name
		ADDED from src\main\AndroidManifest.xml:81:19-43
service#com.services.QqMessageService
ADDED from src\main\AndroidManifest.xml:84:9-85:19
	android:name
		ADDED from src\main\AndroidManifest.xml:84:18-62
activity#com.example.copyqq.IDSetActivity
ADDED from src\main\AndroidManifest.xml:87:9-89:20
	android:launchMode
		ADDED from src\main\AndroidManifest.xml:88:13-43
	android:name
		ADDED from src\main\AndroidManifest.xml:87:19-48
uses-sdk
INJECTED from src\main\AndroidManifest.xml reason: use-sdk injection requested
MERGED from [com.android.support:appcompat-v7:23.2.1] AndroidManifest.xml:21:5-23:78
MERGED from [com.android.support:support-v4:23.2.1] AndroidManifest.xml:20:5-43
MERGED from [com.android.support:animated-vector-drawable:23.2.1] AndroidManifest.xml:5:5-44
MERGED from [com.android.support:support-vector-drawable:23.2.1] AndroidManifest.xml:5:5-43
MERGED from [com.android.support:recyclerview-v7:23.2.1] AndroidManifest.xml:20:5-43
MERGED from [com.google.android.gms:play-services-appindexing:8.1.0] AndroidManifest.xml:18:5-42
MERGED from [com.google.android.gms:play-services-basement:8.1.0] AndroidManifest.xml:18:5-42
	tools:overrideLibrary
		ADDED from [com.android.support:appcompat-v7:23.2.1] AndroidManifest.xml:23:9-75
	android:targetSdkVersion
		INJECTED from src\main\AndroidManifest.xml
		INJECTED from src\main\AndroidManifest.xml
	android:minSdkVersion
		INJECTED from src\main\AndroidManifest.xml
		INJECTED from src\main\AndroidManifest.xml